<?xml version="1.0" encoding="UTF-8"?>
<!-- Generated by org.testng.reporters.JUnitReportReporter -->
<testsuite hostname="AvinashPerumalla" failures="0" tests="1" name="testClases.TC_001_AccountRegistration" time="10.205" errors="0" timestamp="2024-01-25T07:59:13 IST" skipped="0">
  <testcase classname="testClases.TC_001_AccountRegistration" name="test_account_registration" time="10.205"/>
</testsuite> <!-- testClases.TC_001_AccountRegistration -->
